<?xml version="1.0" encoding="UTF-8"?>
<!-- Generated by org.testng.reporters.JUnitReportReporter -->
<testsuite hostname="LAPTOP-08N07LPH" failures="0" tests="1" name="com.Jenkins.AdactinTest" time="27.222" errors="0" timestamp="2024-05-30T16:00:23 IST" skipped="0">
  <testcase classname="com.Jenkins.AdactinTest" name="searchAndBookHotel" time="27.222"/>
  <system-out/>
</testsuite> <!-- com.Jenkins.AdactinTest -->
